<?xml version="1.0" encoding="UTF-8"?>
<!-- Generated by org.testng.reporters.JUnitXMLReporter -->
<testsuite hostname="DESKTOP-LPMG9GN" ignored="0" name="Test" tests="1" failures="1" timestamp="21 May 2020 18:13:17 GMT" time="18.256" errors="0">
  <testcase name="scenario3" time="4.544" classname="Regression_Scripts.User_Increasing_The_No_Of_Products_In_Cart_And_Checking_The_Total_Amount">
    <failure type="java.lang.NullPointerException">
      <![CDATA[java.lang.NullPointerException
at Pom_classes.Pom_Class1.clickOnLifebuoy(Pom_Class1.java:64)
at Regression_Scripts.User_Increasing_The_No_Of_Products_In_Cart_And_Checking_The_Total_Amount.scenario3(User_Increasing_The_No_Of_Products_In_Cart_And_Checking_The_Total_Amount.java:23)
... Removed 25 stack frames]]>
    </failure>
  </testcase> <!-- scenario3 -->
</testsuite> <!-- Test -->
